<?xml version="1.0" encoding="UTF-8"?>
<testsuite xmlns:xsi="http://www.w3.org/2001/XMLSchema-instance" xsi:noNamespaceSchemaLocation="https://maven.apache.org/surefire/maven-surefire-plugin/xsd/surefire-test-report-3.0.xsd" version="3.0" name="com.edi.FileProj.FileProgramTest" time="0.071" tests="4" errors="0" skipped="0" failures="0">
  <properties>
[...]
</properties>
  <testcase name="test2" classname="com.edi.FileProj.FileProgramTest" time="0.006">
    <system-out><![CDATA[Successfully wrote to the file.
Arit
]]></system-out>
  </testcase>
  <testcase name="test3" classname="com.edi.FileProj.FileProgramTest" time="0.012">
    <system-out><![CDATA[Files in Java might be tricky.
]]></system-out>
  </testcase>
  <testcase name="test4" classname="com.edi.FileProj.FileProgramTest" time="0.003"/>
  <testcase name="FileCreationTest" classname="com.edi.FileProj.FileProgramTest" time="0.003">
    <system-out><![CDATA[The file already exists.
]]></system-out>
  </testcase>
</testsuite>